<?xml version="1.0" encoding="UTF-8" ?>
<testsuite tests="3" failures="3" name="ua.lviv.iot.manager.WeaponManagerTest" time="0.003" errors="0" skipped="0">
  <properties>
[...]
</properties>
  <testcase classname="ua.lviv.iot.manager.WeaponManagerTest" name="ua.lviv.iot.manager.WeaponManagerTest.testFindWeaponByDecade" time="0.002">
    <failure type="java.lang.NullPointerException">java.lang.NullPointerException
	at ua.lviv.iot.manager.WeaponManagerTest.testFindWeaponByDecade(WeaponManagerTest.java:23)
</failure>
  </testcase>
  <testcase classname="ua.lviv.iot.manager.WeaponManagerTest" name="ua.lviv.iot.manager.WeaponManagerTest.testFindWeaponByAuthor" time="0">
    <failure type="java.lang.NullPointerException">java.lang.NullPointerException
	at ua.lviv.iot.manager.WeaponManagerTest.testFindWeaponByAuthor(WeaponManagerTest.java:30)
</failure>
  </testcase>
  <testcase classname="ua.lviv.iot.manager.WeaponManagerTest" name="ua.lviv.iot.manager.WeaponManagerTest.testShowWeapons" time="0.001">
    <failure type="java.lang.NullPointerException">java.lang.NullPointerException
	at ua.lviv.iot.manager.WeaponManagerTest.testShowWeapons(WeaponManagerTest.java:37)
</failure>
  </testcase>
</testsuite>